------------------------------------------------------------------------------------------------------------------
Error/Issue occured in file scripts.py on 28/08/2021 22:35:38
Exception: jamalaallala
------------------------------------------------------------------------------------------------------------------
------------------------------------------------------------------------------------------------------------------
Error/Issue occured in file scripts.py on 28/08/2021 22:36:09
Exception: jamalaallala
------------------------------------------------------------------------------------------------------------------
------------------------------------------------------------------------------------------------------------------
Error/Issue occured in file scripts.py on 28/08/2021 22:36:20
Exception: klsjflskdjflsjflsjflsdjflsjfl
------------------------------------------------------------------------------------------------------------------
------------------------------------------------------------------------------------------------------------------
Error/Issue occured in file scripts.py on 28/08/2021 22:36:33
Exception: a quick brown fox jumps over lazy dog
------------------------------------------------------------------------------------------------------------------
------------------------------------------------------------------------------------------------------------------
Error/Issue occured in file logger.py on 28/08/2021 22:41:46
Exception: a quick brown fox jumps over lazy dog
------------------------------------------------------------------------------------------------------------------
------------------------------------------------------------------------------------------------------------------
Error/Issue occured in file logger.py on 28/08/2021 22:42:12
Exception: Hey jamal sngaa eee 
------------------------------------------------------------------------------------------------------------------
