
Log has been created on 2020-12-20 14:21:10.183586
------------------------------------------------------------------------------
------------------------------------------------------------------------------
Log has been created on 2020-12-20 14:21:10.193005
------------------------------------------------------------------------------
1. HTTPSConnectionPool(host='www.sec.gov', port=443): Max retries exceeded with url: /Archives/edgar/data/36405/000175272420251139/0001752724-20-251139-index.htm (Caused by NewConnectionError('<urllib3.connection.VerifiedHTTPSConnection object at 0x7fd67c506700>: Failed to establish a new connection: [Errno 8] nodename nor servname provided, or not known'))
2. find() takes no keyword arguments
3. 'str' object has no attribute 'findAll'
4. 'str' object has no attribute 'findAll'
5. 'str' object has no attribute 'findAll'
6. 'str' object has no attribute 'findAll'
------------------------------------------------------------------------------
Log has been created on 2020-12-20 14:21:51.654683
------------------------------------------------------------------------------
------------------------------------------------------------------------------
Log has been created on 2020-12-20 14:21:51.663740
------------------------------------------------------------------------------
1. HTTPSConnectionPool(host='www.sec.gov', port=443): Max retries exceeded with url: /Archives/edgar/data/36405/000175272420251139/0001752724-20-251139-index.htm (Caused by NewConnectionError('<urllib3.connection.VerifiedHTTPSConnection object at 0x7fe4162fcf10>: Failed to establish a new connection: [Errno 8] nodename nor servname provided, or not known'))
2. find() takes no keyword arguments
3. 'str' object has no attribute 'findAll'
4. 'str' object has no attribute 'findAll'
5. 'str' object has no attribute 'findAll'
6. 'str' object has no attribute 'findAll'
------------------------------------------------------------------------------
Log has been created on 2020-12-20 14:23:38.546150
------------------------------------------------------------------------------
------------------------------------------------------------------------------
Log has been created on 2020-12-20 14:23:38.554190
------------------------------------------------------------------------------
1. HTTPSConnectionPool(host='www.sec.gov', port=443): Max retries exceeded with url: /Archives/edgar/data/36405/000175272420251139/0001752724-20-251139-index.htm (Caused by NewConnectionError('<urllib3.connection.VerifiedHTTPSConnection object at 0x7ff5849fd0d0>: Failed to establish a new connection: [Errno 8] nodename nor servname provided, or not known'))
2. find() takes no keyword arguments
3. 'str' object has no attribute 'findAll'
4. 'str' object has no attribute 'findAll'
5. 'str' object has no attribute 'findAll'
6. 'str' object has no attribute 'findAll'
------------------------------------------------------------------------------
Log has been created on 2020-12-20 14:24:19.002543
------------------------------------------------------------------------------
------------------------------------------------------------------------------
Log has been created on 2020-12-20 14:24:20.064265
------------------------------------------------------------------------------
------------------------------------------------------------------------------
Log has been created on 2020-12-22 18:53:34.635949
------------------------------------------------------------------------------
------------------------------------------------------------------------------
Log has been created on 2020-12-22 18:53:37.254793
------------------------------------------------------------------------------
------------------------------------------------------------------------------
Log has been created on 2020-12-22 18:54:10.830225
------------------------------------------------------------------------------
------------------------------------------------------------------------------
Log has been created on 2020-12-22 18:54:13.419018
------------------------------------------------------------------------------
1. 'dict' object has no attribute 'iterrows'
------------------------------------------------------------------------------
Log has been created on 2020-12-22 18:54:30.882029
------------------------------------------------------------------------------
------------------------------------------------------------------------------
Log has been created on 2020-12-22 18:54:33.423518
------------------------------------------------------------------------------
1. 'dict' object has no attribute 'iterrows'
------------------------------------------------------------------------------
Log has been created on 2020-12-22 18:55:40.661506
------------------------------------------------------------------------------
------------------------------------------------------------------------------
Log has been created on 2020-12-22 18:55:43.264616
------------------------------------------------------------------------------
1. 'dict' object has no attribute 'iterrows'
------------------------------------------------------------------------------
Log has been created on 2020-12-22 18:56:50.565475
------------------------------------------------------------------------------
------------------------------------------------------------------------------
Log has been created on 2020-12-22 18:56:53.226044
------------------------------------------------------------------------------
------------------------------------------------------------------------------
Log has been created on 2020-12-22 18:58:07.912020
------------------------------------------------------------------------------
------------------------------------------------------------------------------
Log has been created on 2020-12-22 18:58:10.542169
------------------------------------------------------------------------------
------------------------------------------------------------------------------
Log has been created on 2020-12-22 18:58:23.626915
------------------------------------------------------------------------------
------------------------------------------------------------------------------
Log has been created on 2020-12-22 18:58:26.255055
------------------------------------------------------------------------------
------------------------------------------------------------------------------
Log has been created on 2020-12-22 18:58:49.024003
------------------------------------------------------------------------------
------------------------------------------------------------------------------
Log has been created on 2020-12-22 18:58:51.708755
------------------------------------------------------------------------------
------------------------------------------------------------------------------
Log has been created on 2020-12-22 18:59:36.047687
------------------------------------------------------------------------------
------------------------------------------------------------------------------
Log has been created on 2020-12-22 18:59:38.592365
------------------------------------------------------------------------------
------------------------------------------------------------------------------
Log has been created on 2020-12-22 19:03:42.121402
------------------------------------------------------------------------------
------------------------------------------------------------------------------
Log has been created on 2020-12-22 19:04:04.124771
------------------------------------------------------------------------------
------------------------------------------------------------------------------
Log has been created on 2020-12-22 19:04:13.628785
------------------------------------------------------------------------------
------------------------------------------------------------------------------
Log has been created on 2020-12-22 19:04:16.254216
------------------------------------------------------------------------------
------------------------------------------------------------------------------
Log has been created on 2020-12-22 19:04:58.753601
------------------------------------------------------------------------------
------------------------------------------------------------------------------
Log has been created on 2020-12-22 19:05:01.394248
------------------------------------------------------------------------------
------------------------------------------------------------------------------
Log has been created on 2020-12-22 19:05:25.501541
------------------------------------------------------------------------------
------------------------------------------------------------------------------
Log has been created on 2020-12-22 19:05:30.894004
------------------------------------------------------------------------------
------------------------------------------------------------------------------
Log has been created on 2020-12-22 19:05:37.000360
------------------------------------------------------------------------------
------------------------------------------------------------------------------
Log has been created on 2020-12-22 19:06:00.753484
------------------------------------------------------------------------------
------------------------------------------------------------------------------
Log has been created on 2020-12-22 19:06:07.263962
------------------------------------------------------------------------------
------------------------------------------------------------------------------
Log has been created on 2020-12-22 19:06:22.935021
------------------------------------------------------------------------------
------------------------------------------------------------------------------
Log has been created on 2020-12-22 19:06:29.597558
------------------------------------------------------------------------------
------------------------------------------------------------------------------
Log has been created on 2020-12-22 19:06:35.281315
------------------------------------------------------------------------------
------------------------------------------------------------------------------
Log has been created on 2020-12-22 19:06:42.160524
------------------------------------------------------------------------------
------------------------------------------------------------------------------
Log has been created on 2020-12-22 19:07:00.473204
------------------------------------------------------------------------------
------------------------------------------------------------------------------
Log has been created on 2020-12-22 19:07:03.033732
------------------------------------------------------------------------------
------------------------------------------------------------------------------